1
172
32
102
11
167
100
16
109
287
186
15
114
46
234
48
235
138
55
100
51
117
87
28
128
72
92
50
262
21
246
125
181
99
92
98
92
160
114
72
136
6
288
158
91
108
60
89
35
156
273
71
65
26
45
38
54
275
139
14
157
165
58
20
137
183
49
113
16
290
271
41
52
62
30
136
164
189
95
84
40
103
10
103
43
166
122
68
31
202
30
5
187
97
27
65
282
223
167
122
84
203
97
231
131
32
130
142
115
89
278
35
250
40
150
266
82
62
129
174
60
118
44
112
33
23
79
185
159
119
95
105
108
100
145
259
58
190
185
167
239
117
142
159
276
131
42
3
12
116
33
75
176
34
175
92
191
68
120
134
170
219
160
142
298
187
147
149
163
102
99
114
78
174
73
96
8
199
41
113
96
176
296
167
279
125
33
186
230
101
199
158
99
127
128
99
249
227
149
224
103
158
284
118
194
128
256
73
264
124
272
49
129
271
143
166
254
193
91
193
91
193
91
193
91
193
91
193
91
193
91
193
91
193
91
193
91
193
91
193
91
193
91
193
91
193
91
193
91
193
91
193
91
193
91
193
91
193
91
193
91
193
91
193
91
193
91
193
91
193
91
193
91
193
91
193
91
193
91
193
91
193
91
193
91
193
91
193
91
193
91
193
91
193
91
193
91
193
91
193
91
193
91
193
91
193
91
193
91
193
91
193
91
193
91
193
91
193
91
193
91
193
91
193
91
193
91
193
91
193
91
193
91
193
91
193
91
193
91
193
91
193
91
193
91
193
91
193
91
193
91
193
91
193
91
193
91
193
91
193
91
193
91
193
91
193
91
193
91
193
91
193
91
193
91
193
91
193
91
193
91
193
91
193
91
193
91
193
91
193
91
193
91
193
91
193
100
175
102
107
283
180
14
237
114
175
250
77
172
275
140
80
24
245
104
168
102
220
163
216
5
133
3
295
129
23
86
119
208
115
189
215
179
139
13
252
71
98
91
232
182
143
160
222
218
44
29
155
116
161
268
181
108
198
20
177
178
131
8
110
83
22
211
90
123
270
174
165
27
117
257
274
185
277
121
10
69
213
70
253
19
217
136
94
72
242
236
144
61
195
7
2
201
88
173
9
81
53
59
